android/app/build/outputs/logs/manifest-merger-debug-report.txt
-- Merging decision tree log ---
manifest
ADDED from src/main/AndroidManifest.xml:1:1-42:12
	package
		ADDED from src/main/AndroidManifest.xml:2:5-29
		INJECTED from src/main/AndroidManifest.xml
		INJECTED from src/main/AndroidManifest.xml
	android:versionName
		ADDED from src/main/AndroidManifest.xml:4:5-30
		INJECTED from src/main/AndroidManifest.xml
		INJECTED from src/main/AndroidManifest.xml
	android:versionCode
		ADDED from src/main/AndroidManifest.xml:3:5-28
		INJECTED from src/main/AndroidManifest.xml
		INJECTED from src/main/AndroidManifest.xml
	xmlns:android
		ADDED from src/main/AndroidManifest.xml:1:11-69
uses-permission#android.permission.INTERNET
ADDED from src/main/AndroidManifest.xml:6:5-67
	android:name
		ADDED from src/main/AndroidManifest.xml:6:22-64
uses-permission#android.permission.SYSTEM_ALERT_WINDOW
ADDED from src/main/AndroidManifest.xml:7:5-77
MERGED from [com.facebook.react:react-native:0.48.2] AndroidManifest.xml:11:5-78
	android:name
		ADDED from src/main/AndroidManifest.xml:7:22-75
uses-permission#android.permission.ACCESS_NETWORK_STATE
ADDED from src/main/AndroidManifest.xml:8:5-78
	android:name
		ADDED from src/main/AndroidManifest.xml:8:22-76
uses-permission#com.android.launcher.permission.READ_SETTINGS
ADDED from src/main/AndroidManifest.xml:9:5-85
	android:name
		ADDED from src/main/AndroidManifest.xml:9:22-82
uses-permission#android.permission.WAKE_LOCK
ADDED from src/main/AndroidManifest.xml:10:5-67
	android:name
		ADDED from src/main/AndroidManifest.xml:10:22-65
uses-permission#android.permission.CHANGE_WIFI_STATE
ADDED from src/main/AndroidManifest.xml:11:5-76
	android:name
		ADDED from src/main/AndroidManifest.xml:11:22-73
uses-permission#android.permission.ACCESS_WIFI_STATE
ADDED from src/main/AndroidManifest.xml:12:5-76
	android:name
		ADDED from src/main/AndroidManifest.xml:12:22-73
uses-permission#android.permission.GET_TASKS
ADDED from src/main/AndroidManifest.xml:13:5-68
	android:name
		ADDED from src/main/AndroidManifest.xml:13:22-65
uses-permission#android.permission.WRITE_EXTERNAL_STORAGE
ADDED from src/main/AndroidManifest.xml:14:5-80
	android:name
		ADDED from src/main/AndroidManifest.xml:14:22-78
uses-permission#android.permission.WRITE_SETTINGS
ADDED from src/main/AndroidManifest.xml:15:5-73
	android:name
		ADDED from src/main/AndroidManifest.xml:15:22-70
uses-sdk
ADDED from src/main/AndroidManifest.xml:18:5-20:41
MERGED from [bannerDemo:react-native-baidu-map:unspecified] AndroidManifest.xml:7:5-9:41
MERGED from [com.facebook.react:react-native:0.48.2] AndroidManifest.xml:7:5-9:41
MERGED from [com.android.support:appcompat-v7:23.0.1] AndroidManifest.xml:20:5-43
MERGED from [com.android.support:support-v4:23.0.1] AndroidManifest.xml:20:5-43
MERGED from [com.facebook.fbui.textlayoutbuilder:textlayoutbuilder:1.0.0] AndroidManifest.xml:14:5-16:41
MERGED from [com.facebook.fresco:fresco:1.3.0] AndroidManifest.xml:5:5-7:41
MERGED from [com.facebook.fresco:drawee:1.3.0] AndroidManifest.xml:5:5-7:41
MERGED from [com.facebook.fresco:imagepipeline-okhttp3:1.3.0] AndroidManifest.xml:5:5-7:41
MERGED from [com.facebook.fresco:imagepipeline:1.3.0] AndroidManifest.xml:5:5-7:41
MERGED from [com.facebook.fresco:imagepipeline-base:1.3.0] AndroidManifest.xml:5:5-7:41
MERGED from [com.facebook.fresco:fbcore:1.3.0] AndroidManifest.xml:5:5-7:41
MERGED from [com.facebook.soloader:soloader:0.1.0] AndroidManifest.xml:2:3-70
	android:targetSdkVersion
		ADDED from src/main/AndroidManifest.xml:20:9-38
		INJECTED from src/main/AndroidManifest.xml
		INJECTED from src/main/AndroidManifest.xml
	android:minSdkVersion
		ADDED from src/main/AndroidManifest.xml:19:9-35
		INJECTED from src/main/AndroidManifest.xml
		INJECTED from src/main/AndroidManifest.xml
application
ADDED from src/main/AndroidManifest.xml:22:5-40:19
MERGED from [bannerDemo:react-native-baidu-map:unspecified] AndroidManifest.xml:11:5-17:19
MERGED from [com.facebook.react:react-native:0.48.2] AndroidManifest.xml:13:5-20
MERGED from [com.android.support:appcompat-v7:23.0.1] AndroidManifest.xml:22:5-20
MERGED from [com.android.support:support-v4:23.0.1] AndroidManifest.xml:22:5-20
MERGED from [com.facebook.soloader:soloader:0.1.0] AndroidManifest.xml:3:3-17
MERGED from [org.webkit:android-jsc:r174650] AndroidManifest.xml:2:3-17
	android:label
		ADDED from src/main/AndroidManifest.xml:25:7-39
	android:allowBackup
		ADDED from src/main/AndroidManifest.xml:24:7-33
	android:icon
		ADDED from src/main/AndroidManifest.xml:26:7-41
	android:theme
		ADDED from src/main/AndroidManifest.xml:27:7-38
	android:name
		ADDED from src/main/AndroidManifest.xml:23:7-38
meta-data#com.baidu.lbsapi.API_KEY
ADDED from src/main/AndroidManifest.xml:28:7-108
	android:value
		ADDED from src/main/AndroidManifest.xml:28:58-106
	android:name
		ADDED from src/main/AndroidManifest.xml:28:18-57
activity#com.bannerdemo.MainActivity
ADDED from src/main/AndroidManifest.xml:29:7-38:18
	android:label
		ADDED from src/main/AndroidManifest.xml:31:9-41
	android:windowSoftInputMode
		ADDED from src/main/AndroidManifest.xml:33:9-51
	android:configChanges
		ADDED from src/main/AndroidManifest.xml:32:9-79
	android:name
		ADDED from src/main/AndroidManifest.xml:30:9-37
intent-filter#android.intent.action.MAIN+android.intent.category.LAUNCHER
ADDED from src/main/AndroidManifest.xml:34:9-37:25
action#android.intent.action.MAIN
ADDED from src/main/AndroidManifest.xml:35:13-65
	android:name
		ADDED from src/main/AndroidManifest.xml:35:21-62
category#android.intent.category.LAUNCHER
ADDED from src/main/AndroidManifest.xml:36:13-73
	android:name
		ADDED from src/main/AndroidManifest.xml:36:23-70
activity#com.facebook.react.devsupport.DevSettingsActivity
ADDED from src/main/AndroidManifest.xml:39:7-84
	android:name
		ADDED from src/main/AndroidManifest.xml:39:17-81
service#com.baidu.location.f
ADDED from [bannerDemo:react-native-baidu-map:unspecified] AndroidManifest.xml:12:9-16:19
	android:enabled
		ADDED from [bannerDemo:react-native-baidu-map:unspecified] AndroidManifest.xml:14:13-35
	android:process
		ADDED from [bannerDemo:react-native-baidu-map:unspecified] AndroidManifest.xml:15:13-38
	android:name
		ADDED from [bannerDemo:react-native-baidu-map:unspecified] AndroidManifest.xml:13:13-48
android:uses-permission#android.permission.READ_PHONE_STATE
IMPLIED from src/main/AndroidManifest.xml:1:1-42:12 reason: org.webkit.android_jsc has a targetSdkVersion < 4
android:uses-permission#android.permission.READ_EXTERNAL_STORAGE
IMPLIED from src/main/AndroidManifest.xml:1:1-42:12 reason: org.webkit.android_jsc requested WRITE_EXTERNAL_STORAGE